<?xml version="1.0" encoding="UTF-8"?>
<!-- Generated by org.testng.reporters.JUnitReportReporter -->
<testsuite skipped="0" hostname="DESKTOP-BBJLKNO" name="MyRunner.TestRunner" tests="1" failures="0" timestamp="07 Jun 2021 04:10:27 GMT" time="43.287" errors="0">
  <testcase name="feature" time="43.287" classname="MyRunner.TestRunner"/>
</testsuite> <!-- MyRunner.TestRunner -->
