<?xml version="1.0" encoding="UTF-8"?>
<!-- Generated by org.testng.reporters.JUnitReportReporter -->
<testsuite skipped="0" hostname="DESKTOP-BBJLKNO" name="MyRunner.TestRunner" tests="5" failures="0" timestamp="10 Jun 2021 00:50:29 GMT" time="181.717" errors="0">
  <testcase name="feature" time="21.162" classname="MyRunner.TestRunner"/>
  <testcase name="feature" time="19.017" classname="MyRunner.TestRunner"/>
  <testcase name="feature" time="92.386" classname="MyRunner.TestRunner"/>
  <testcase name="feature" time="19.984" classname="MyRunner.TestRunner"/>
  <testcase name="feature" time="29.168" classname="MyRunner.TestRunner"/>
</testsuite> <!-- MyRunner.TestRunner -->
