<?xml version="1.0" encoding="UTF-8"?>
<!-- Generated by org.testng.reporters.JUnitReportReporter -->
<testsuite skipped="0" hostname="DESKTOP-BBJLKNO" name="MyRunner.TestRunner" tests="1" failures="0" timestamp="10 Jun 2021 02:34:55 GMT" time="94.373" errors="0">
  <testcase name="feature" time="94.373" classname="MyRunner.TestRunner"/>
</testsuite> <!-- MyRunner.TestRunner -->
