<?xml version="1.0" encoding="UTF-8"?>
<!-- Generated by org.testng.reporters.JUnitReportReporter -->
<testsuite skipped="0" hostname="DESKTOP-BBJLKNO" name="MyRunner.TestRunner" tests="1" failures="0" timestamp="09 Jun 2021 01:41:52 GMT" time="35.982" errors="0">
  <testcase name="feature" time="35.982" classname="MyRunner.TestRunner"/>
</testsuite> <!-- MyRunner.TestRunner -->
