<?xml version="1.0" encoding="UTF-8"?>
<!-- Generated by org.testng.reporters.JUnitReportReporter -->
<testsuite skipped="0" hostname="DESKTOP-BBJLKNO" name="MyRunner.TestRunner" tests="1" failures="0" timestamp="10 Jun 2021 12:54:30 GMT" time="110.769" errors="0">
  <testcase name="feature" time="110.769" classname="MyRunner.TestRunner"/>
</testsuite> <!-- MyRunner.TestRunner -->
