<?xml version="1.0" encoding="UTF-8"?>
<!-- Generated by org.testng.reporters.JUnitReportReporter -->
<testsuite skipped="0" hostname="DESKTOP-BBJLKNO" name="MyRunner.TestRunner" tests="1" failures="0" timestamp="08 Jun 2021 16:35:32 GMT" time="19.725" errors="0">
  <testcase name="feature" time="19.725" classname="MyRunner.TestRunner"/>
</testsuite> <!-- MyRunner.TestRunner -->
